<?xml version="1.0" encoding="UTF-8"?>
<testng-results ignored="0" total="1" passed="1" failed="0" skipped="0">
  <reporter-output>
    <line>
      <![CDATA[Browser launched Successfully]]>
    </line>
    <line>
      <![CDATA[Browser is Maximized]]>
    </line>
    <line>
      <![CDATA[Home Page Landed Successfully]]>
    </line>
  </reporter-output>
  <suite started-at="2023-03-01T13:13:13 IST" name="Default suite" finished-at="2023-03-01T13:13:27 IST" duration-ms="13494">
    <groups>
    </groups>
    <test started-at="2023-03-01T13:13:13 IST" name="Default test" finished-at="2023-03-01T13:13:27 IST" duration-ms="13494">
      <class name="Revision.TC_DSW_001">
        <test-method is-config="true" signature="browser()[pri:0, instance:Revision.TC_DSW_001@3738449f]" started-at="2023-03-01T13:13:13 IST" name="browser" finished-at="2023-03-01T13:13:21 IST" duration-ms="7422" status="PASS">
          <reporter-output>
            <line>
              <![CDATA[Browser launched Successfully]]>
            </line>
            <line>
              <![CDATA[Browser is Maximized]]>
            </line>
          </reporter-output>
        </test-method> <!-- browser -->
        <test-method is-config="true" signature="regToApp()[pri:0, instance:Revision.TC_DSW_001@3738449f]" started-at="2023-03-01T13:13:21 IST" name="regToApp" finished-at="2023-03-01T13:13:25 IST" duration-ms="4777" status="PASS">
          <reporter-output>
          </reporter-output>
        </test-method> <!-- regToApp -->
        <test-method signature="homePage()[pri:0, instance:Revision.TC_DSW_001@3738449f]" started-at="2023-03-01T13:13:25 IST" name="homePage" finished-at="2023-03-01T13:13:25 IST" duration-ms="24" status="PASS">
          <reporter-output>
            <line>
              <![CDATA[Home Page Landed Successfully]]>
            </line>
          </reporter-output>
        </test-method> <!-- homePage -->
        <test-method is-config="true" signature="logout()[pri:0, instance:Revision.TC_DSW_001@3738449f]" started-at="2023-03-01T13:13:25 IST" name="logout" finished-at="2023-03-01T13:13:27 IST" duration-ms="1175" status="PASS">
          <reporter-output>
          </reporter-output>
        </test-method> <!-- logout -->
      </class> <!-- Revision.TC_DSW_001 -->
    </test> <!-- Default test -->
  </suite> <!-- Default suite -->
</testng-results>
